2026-01-30 10:11:37,644 - AppLogger - INFO - Service: Main | Event: PROCESS_CONTACT | Retry: 0 | Circuit: CLOSED | Details: Processing contact: User_1
2026-01-30 10:11:37,644 - AppLogger - INFO - Service: Main | Event: SUCCESS | Retry: 0 | Circuit: CLOSED | Details: Call successful for User_1
2026-01-30 10:11:37,644 - AppLogger - INFO - Service: Main | Event: PROCESS_CONTACT | Retry: 0 | Circuit: CLOSED | Details: Processing contact: User_2
2026-01-30 10:11:37,644 - AppLogger - INFO - Service: ElevenLabs | Event: RETRY_ATTEMPT | Retry: 1 | Circuit: CLOSED | Details: Transient error caught: 503 Service Unavailable. Retrying in 5.0s...
2026-01-30 10:11:42,649 - AppLogger - INFO - Service: ElevenLabs | Event: RETRY_ATTEMPT | Retry: 2 | Circuit: CLOSED | Details: Transient error caught: 503 Service Unavailable. Retrying in 10.0s...
2026-01-30 10:11:52,655 - AppLogger - INFO - Service: ElevenLabs | Event: RETRY_ATTEMPT | Retry: 3 | Circuit: CLOSED | Details: Transient error caught: 503 Service Unavailable. Retrying in 20.0s...
2026-01-30 10:12:12,660 - AppLogger - INFO - Service: ElevenLabs | Event: RETRY_EXHAUSTED | Retry: 4 | Circuit: CLOSED | Details: Max retries (3) exceeded.
2026-01-30 10:12:12,663 - AppLogger - INFO - Service: ElevenLabs | Event: FAILURE_COUNT | Retry: 0 | Circuit: CLOSED | Details: 1/3
2026-01-30 10:12:12,663 - AppLogger - INFO - Service: Main | Event: SKIPPED | Retry: 0 | Circuit: CLOSED | Details: Skipping User_2 due to error: 503 Service Unavailable
2026-01-30 10:12:13,665 - AppLogger - INFO - Service: Main | Event: PROCESS_CONTACT | Retry: 0 | Circuit: CLOSED | Details: Processing contact: User_3
2026-01-30 10:12:13,667 - AppLogger - INFO - Service: ElevenLabs | Event: RETRY_ATTEMPT | Retry: 1 | Circuit: CLOSED | Details: Transient error caught: 503 Service Unavailable. Retrying in 5.0s...
2026-01-30 10:12:18,672 - AppLogger - INFO - Service: ElevenLabs | Event: RETRY_ATTEMPT | Retry: 2 | Circuit: CLOSED | Details: Transient error caught: 503 Service Unavailable. Retrying in 10.0s...
2026-01-30 10:12:28,675 - AppLogger - INFO - Service: ElevenLabs | Event: RETRY_ATTEMPT | Retry: 3 | Circuit: CLOSED | Details: Transient error caught: 503 Service Unavailable. Retrying in 20.0s...
2026-01-30 10:12:48,681 - AppLogger - INFO - Service: ElevenLabs | Event: RETRY_EXHAUSTED | Retry: 4 | Circuit: CLOSED | Details: Max retries (3) exceeded.
2026-01-30 10:12:48,683 - AppLogger - INFO - Service: ElevenLabs | Event: FAILURE_COUNT | Retry: 0 | Circuit: CLOSED | Details: 2/3
2026-01-30 10:12:48,683 - AppLogger - INFO - Service: Main | Event: SKIPPED | Retry: 0 | Circuit: CLOSED | Details: Skipping User_3 due to error: 503 Service Unavailable
2026-01-30 10:12:49,688 - AppLogger - INFO - Service: Main | Event: PROCESS_CONTACT | Retry: 0 | Circuit: CLOSED | Details: Processing contact: User_4
2026-01-30 10:12:49,689 - AppLogger - INFO - Service: ElevenLabs | Event: RETRY_ATTEMPT | Retry: 1 | Circuit: CLOSED | Details: Transient error caught: 503 Service Unavailable. Retrying in 5.0s...
2026-01-30 10:12:54,690 - AppLogger - INFO - Service: ElevenLabs | Event: RETRY_ATTEMPT | Retry: 2 | Circuit: CLOSED | Details: Transient error caught: 503 Service Unavailable. Retrying in 10.0s...
2026-01-30 10:13:04,694 - AppLogger - INFO - Service: ElevenLabs | Event: RETRY_ATTEMPT | Retry: 3 | Circuit: CLOSED | Details: Transient error caught: 503 Service Unavailable. Retrying in 20.0s...
2026-01-30 10:13:24,699 - AppLogger - INFO - Service: ElevenLabs | Event: RETRY_EXHAUSTED | Retry: 4 | Circuit: CLOSED | Details: Max retries (3) exceeded.
2026-01-30 10:13:24,701 - AppLogger - INFO - Service: ElevenLabs | Event: FAILURE_COUNT | Retry: 0 | Circuit: CLOSED | Details: 3/3
2026-01-30 10:13:24,701 - AppLogger - INFO - Service: ElevenLabs | Event: CIRCUIT_STATE_CHANGE | Retry: 0 | Circuit: OPEN | Details: Transitioned to OPEN
2026-01-30 10:13:24,701 - AppLogger - INFO - Service: Main | Event: SKIPPED | Retry: 0 | Circuit: CLOSED | Details: Skipping User_4 due to error: 503 Service Unavailable
2026-01-30 10:13:25,706 - AppLogger - INFO - Service: Main | Event: PROCESS_CONTACT | Retry: 0 | Circuit: CLOSED | Details: Processing contact: User_5
2026-01-30 10:13:25,706 - AppLogger - INFO - Service: ElevenLabs | Event: CIRCUIT_OPEN_REJECT | Retry: 0 | Circuit: OPEN | Details: Call rejected due to open circuit
2026-01-30 10:13:25,707 - AppLogger - INFO - Service: Main | Event: SKIPPED | Retry: 0 | Circuit: CLOSED | Details: Skipping User_5 due to error: Circuit Breaker is OPEN for ElevenLabs
2026-01-30 10:13:26,712 - AppLogger - INFO - Service: Main | Event: PROCESS_CONTACT | Retry: 0 | Circuit: CLOSED | Details: Processing contact: User_6
2026-01-30 10:13:26,713 - AppLogger - INFO - Service: ElevenLabs | Event: CIRCUIT_OPEN_REJECT | Retry: 0 | Circuit: OPEN | Details: Call rejected due to open circuit
2026-01-30 10:13:26,713 - AppLogger - INFO - Service: Main | Event: SKIPPED | Retry: 0 | Circuit: CLOSED | Details: Skipping User_6 due to error: Circuit Breaker is OPEN for ElevenLabs
2026-01-30 10:13:32,715 - AppLogger - INFO - Service: HealthMonitor | Event: HEALTH_CHECK_INIT | Retry: 0 | Circuit: CLOSED | Details: Starting periodic health check...
2026-01-30 10:13:32,716 - AppLogger - INFO - Service: ElevenLabs | Event: HEALTH_CHECK_SUCCESS | Retry: 0 | Circuit: CLOSED | Details: Service is healthy again. Resetting Circuit Breaker.
2026-01-30 10:13:32,716 - AppLogger - INFO - Service: ElevenLabs | Event: CIRCUIT_STATE_CHANGE | Retry: 0 | Circuit: CLOSED | Details: Transitioned to CLOSED
2026-01-30 10:13:32,716 - AppLogger - INFO - Service: Main | Event: PROCESS_CONTACT | Retry: 0 | Circuit: CLOSED | Details: Processing contact: User_7
2026-01-30 10:13:32,717 - AppLogger - INFO - Service: Main | Event: SUCCESS | Retry: 0 | Circuit: CLOSED | Details: Call successful for User_7
2026-01-30 10:13:32,717 - AppLogger - INFO - Service: Main | Event: PROCESS_CONTACT | Retry: 0 | Circuit: CLOSED | Details: Processing contact: User_8
2026-01-30 10:13:32,717 - AppLogger - INFO - Service: Main | Event: SUCCESS | Retry: 0 | Circuit: CLOSED | Details: Call successful for User_8
2026-01-30 10:15:05,487 - AppLogger - INFO - Service: Main | Event: PROCESS_CONTACT | Retry: 0 | Circuit: CLOSED | Details: Processing contact: User_1
2026-01-30 10:15:05,488 - AppLogger - INFO - Service: Main | Event: SUCCESS | Retry: 0 | Circuit: CLOSED | Details: Call successful for User_1
2026-01-30 10:15:05,488 - AppLogger - INFO - Service: Main | Event: PROCESS_CONTACT | Retry: 0 | Circuit: CLOSED | Details: Processing contact: User_2
2026-01-30 10:15:05,488 - AppLogger - INFO - Service: ElevenLabs | Event: RETRY_ATTEMPT | Retry: 1 | Circuit: CLOSED | Details: Transient error caught: 503 Service Unavailable. Retrying in 5.0s...
2026-01-30 10:15:10,494 - AppLogger - INFO - Service: ElevenLabs | Event: RETRY_ATTEMPT | Retry: 2 | Circuit: CLOSED | Details: Transient error caught: 503 Service Unavailable. Retrying in 10.0s...
2026-01-30 10:15:20,498 - AppLogger - INFO - Service: ElevenLabs | Event: RETRY_ATTEMPT | Retry: 3 | Circuit: CLOSED | Details: Transient error caught: 503 Service Unavailable. Retrying in 20.0s...
2026-01-30 10:15:40,502 - AppLogger - INFO - Service: ElevenLabs | Event: RETRY_EXHAUSTED | Retry: 4 | Circuit: CLOSED | Details: Max retries (3) exceeded.
2026-01-30 10:15:40,504 - AppLogger - INFO - Service: ElevenLabs | Event: FAILURE_COUNT | Retry: 0 | Circuit: CLOSED | Details: 1/3
2026-01-30 10:15:40,504 - AppLogger - INFO - Service: Main | Event: SKIPPED | Retry: 0 | Circuit: CLOSED | Details: Skipping User_2 due to error: 503 Service Unavailable
2026-01-30 10:15:41,505 - AppLogger - INFO - Service: Main | Event: PROCESS_CONTACT | Retry: 0 | Circuit: CLOSED | Details: Processing contact: User_3
2026-01-30 10:15:41,506 - AppLogger - INFO - Service: ElevenLabs | Event: RETRY_ATTEMPT | Retry: 1 | Circuit: CLOSED | Details: Transient error caught: 503 Service Unavailable. Retrying in 5.0s...
2026-01-30 10:15:46,512 - AppLogger - INFO - Service: ElevenLabs | Event: RETRY_ATTEMPT | Retry: 2 | Circuit: CLOSED | Details: Transient error caught: 503 Service Unavailable. Retrying in 10.0s...
2026-01-30 10:15:56,518 - AppLogger - INFO - Service: ElevenLabs | Event: RETRY_ATTEMPT | Retry: 3 | Circuit: CLOSED | Details: Transient error caught: 503 Service Unavailable. Retrying in 20.0s...
2026-01-30 10:16:16,524 - AppLogger - INFO - Service: ElevenLabs | Event: RETRY_EXHAUSTED | Retry: 4 | Circuit: CLOSED | Details: Max retries (3) exceeded.
2026-01-30 10:16:16,525 - AppLogger - INFO - Service: ElevenLabs | Event: FAILURE_COUNT | Retry: 0 | Circuit: CLOSED | Details: 2/3
2026-01-30 10:16:16,526 - AppLogger - INFO - Service: Main | Event: SKIPPED | Retry: 0 | Circuit: CLOSED | Details: Skipping User_3 due to error: 503 Service Unavailable
2026-01-30 10:16:17,527 - AppLogger - INFO - Service: Main | Event: PROCESS_CONTACT | Retry: 0 | Circuit: CLOSED | Details: Processing contact: User_4
2026-01-30 10:16:17,528 - AppLogger - INFO - Service: ElevenLabs | Event: RETRY_ATTEMPT | Retry: 1 | Circuit: CLOSED | Details: Transient error caught: 503 Service Unavailable. Retrying in 5.0s...
2026-01-30 10:16:22,531 - AppLogger - INFO - Service: ElevenLabs | Event: RETRY_ATTEMPT | Retry: 2 | Circuit: CLOSED | Details: Transient error caught: 503 Service Unavailable. Retrying in 10.0s...
2026-01-30 10:16:32,536 - AppLogger - INFO - Service: ElevenLabs | Event: RETRY_ATTEMPT | Retry: 3 | Circuit: CLOSED | Details: Transient error caught: 503 Service Unavailable. Retrying in 20.0s...
2026-01-30 10:16:52,543 - AppLogger - INFO - Service: ElevenLabs | Event: RETRY_EXHAUSTED | Retry: 4 | Circuit: CLOSED | Details: Max retries (3) exceeded.
2026-01-30 10:16:52,545 - AppLogger - INFO - Service: ElevenLabs | Event: FAILURE_COUNT | Retry: 0 | Circuit: CLOSED | Details: 3/3
2026-01-30 10:16:52,546 - AppLogger - INFO - Service: ElevenLabs | Event: CIRCUIT_STATE_CHANGE | Retry: 0 | Circuit: OPEN | Details: Transitioned to OPEN
2026-01-30 10:16:52,546 - AppLogger - INFO - Service: Main | Event: SKIPPED | Retry: 0 | Circuit: CLOSED | Details: Skipping User_4 due to error: 503 Service Unavailable
2026-01-30 10:16:53,548 - AppLogger - INFO - Service: Main | Event: PROCESS_CONTACT | Retry: 0 | Circuit: CLOSED | Details: Processing contact: User_5
2026-01-30 10:16:53,550 - AppLogger - INFO - Service: ElevenLabs | Event: CIRCUIT_OPEN_REJECT | Retry: 0 | Circuit: OPEN | Details: Call rejected due to open circuit
2026-01-30 10:16:53,550 - AppLogger - INFO - Service: Main | Event: SKIPPED | Retry: 0 | Circuit: CLOSED | Details: Skipping User_5 due to error: Circuit Breaker is OPEN for ElevenLabs
2026-01-30 10:16:54,556 - AppLogger - INFO - Service: Main | Event: PROCESS_CONTACT | Retry: 0 | Circuit: CLOSED | Details: Processing contact: User_6
2026-01-30 10:16:54,558 - AppLogger - INFO - Service: ElevenLabs | Event: CIRCUIT_OPEN_REJECT | Retry: 0 | Circuit: OPEN | Details: Call rejected due to open circuit
2026-01-30 10:16:54,558 - AppLogger - INFO - Service: Main | Event: SKIPPED | Retry: 0 | Circuit: CLOSED | Details: Skipping User_6 due to error: Circuit Breaker is OPEN for ElevenLabs
2026-01-30 10:17:00,564 - AppLogger - INFO - Service: HealthMonitor | Event: HEALTH_CHECK_INIT | Retry: 0 | Circuit: CLOSED | Details: Starting periodic health check...
2026-01-30 10:17:00,565 - AppLogger - INFO - Service: ElevenLabs | Event: HEALTH_CHECK_SUCCESS | Retry: 0 | Circuit: CLOSED | Details: Service is healthy again. Resetting Circuit Breaker.
2026-01-30 10:17:00,566 - AppLogger - INFO - Service: ElevenLabs | Event: CIRCUIT_STATE_CHANGE | Retry: 0 | Circuit: CLOSED | Details: Transitioned to CLOSED
2026-01-30 10:17:00,566 - AppLogger - INFO - Service: Main | Event: PROCESS_CONTACT | Retry: 0 | Circuit: CLOSED | Details: Processing contact: User_7
2026-01-30 10:17:00,567 - AppLogger - INFO - Service: Main | Event: SUCCESS | Retry: 0 | Circuit: CLOSED | Details: Call successful for User_7
2026-01-30 10:17:00,567 - AppLogger - INFO - Service: Main | Event: PROCESS_CONTACT | Retry: 0 | Circuit: CLOSED | Details: Processing contact: User_8
2026-01-30 10:17:00,567 - AppLogger - INFO - Service: Main | Event: SUCCESS | Retry: 0 | Circuit: CLOSED | Details: Call successful for User_8
2026-01-30 10:54:04,245 - AppLogger - INFO - Service: Main | Event: PROCESS_CONTACT | Retry: 0 | Circuit: CLOSED | Details: Processing contact: User_1
2026-01-30 10:54:04,245 - AppLogger - INFO - Service: Main | Event: SUCCESS | Retry: 0 | Circuit: CLOSED | Details: Call successful for User_1
2026-01-30 10:54:04,245 - AppLogger - INFO - Service: Main | Event: PROCESS_CONTACT | Retry: 0 | Circuit: CLOSED | Details: Processing contact: User_2
2026-01-30 10:54:04,245 - AppLogger - INFO - Service: ElevenLabs | Event: RETRY_ATTEMPT | Retry: 1 | Circuit: CLOSED | Details: Transient error caught: 503 Service Unavailable. Retrying in 5.0s...
2026-01-30 10:54:09,251 - AppLogger - INFO - Service: ElevenLabs | Event: RETRY_ATTEMPT | Retry: 2 | Circuit: CLOSED | Details: Transient error caught: 503 Service Unavailable. Retrying in 10.0s...
2026-01-30 10:54:19,257 - AppLogger - INFO - Service: ElevenLabs | Event: RETRY_ATTEMPT | Retry: 3 | Circuit: CLOSED | Details: Transient error caught: 503 Service Unavailable. Retrying in 20.0s...
2026-01-30 10:54:39,264 - AppLogger - INFO - Service: ElevenLabs | Event: RETRY_EXHAUSTED | Retry: 4 | Circuit: CLOSED | Details: Max retries (3) exceeded.
2026-01-30 10:54:39,266 - AppLogger - INFO - Service: ElevenLabs | Event: FAILURE_COUNT | Retry: 0 | Circuit: CLOSED | Details: 1/3
2026-01-30 10:54:39,266 - AppLogger - INFO - Service: Main | Event: SKIPPED | Retry: 0 | Circuit: CLOSED | Details: Skipping User_2 due to error: 503 Service Unavailable
2026-01-30 10:54:40,270 - AppLogger - INFO - Service: Main | Event: PROCESS_CONTACT | Retry: 0 | Circuit: CLOSED | Details: Processing contact: User_3
2026-01-30 10:54:40,271 - AppLogger - INFO - Service: ElevenLabs | Event: RETRY_ATTEMPT | Retry: 1 | Circuit: CLOSED | Details: Transient error caught: 503 Service Unavailable. Retrying in 5.0s...
2026-01-30 10:54:45,273 - AppLogger - INFO - Service: ElevenLabs | Event: RETRY_ATTEMPT | Retry: 2 | Circuit: CLOSED | Details: Transient error caught: 503 Service Unavailable. Retrying in 10.0s...
2026-01-30 10:54:55,279 - AppLogger - INFO - Service: ElevenLabs | Event: RETRY_ATTEMPT | Retry: 3 | Circuit: CLOSED | Details: Transient error caught: 503 Service Unavailable. Retrying in 20.0s...
2026-01-30 10:55:15,283 - AppLogger - INFO - Service: ElevenLabs | Event: RETRY_EXHAUSTED | Retry: 4 | Circuit: CLOSED | Details: Max retries (3) exceeded.
2026-01-30 10:55:15,286 - AppLogger - INFO - Service: ElevenLabs | Event: FAILURE_COUNT | Retry: 0 | Circuit: CLOSED | Details: 2/3
2026-01-30 10:55:15,286 - AppLogger - INFO - Service: Main | Event: SKIPPED | Retry: 0 | Circuit: CLOSED | Details: Skipping User_3 due to error: 503 Service Unavailable
2026-01-30 10:55:16,287 - AppLogger - INFO - Service: Main | Event: PROCESS_CONTACT | Retry: 0 | Circuit: CLOSED | Details: Processing contact: User_4
2026-01-30 10:55:16,288 - AppLogger - INFO - Service: ElevenLabs | Event: RETRY_ATTEMPT | Retry: 1 | Circuit: CLOSED | Details: Transient error caught: 503 Service Unavailable. Retrying in 5.0s...
2026-01-30 10:55:21,294 - AppLogger - INFO - Service: ElevenLabs | Event: RETRY_ATTEMPT | Retry: 2 | Circuit: CLOSED | Details: Transient error caught: 503 Service Unavailable. Retrying in 10.0s...
2026-01-30 10:55:31,304 - AppLogger - INFO - Service: ElevenLabs | Event: RETRY_ATTEMPT | Retry: 3 | Circuit: CLOSED | Details: Transient error caught: 503 Service Unavailable. Retrying in 20.0s...
2026-01-30 10:55:51,309 - AppLogger - INFO - Service: ElevenLabs | Event: RETRY_EXHAUSTED | Retry: 4 | Circuit: CLOSED | Details: Max retries (3) exceeded.
2026-01-30 10:55:51,311 - AppLogger - INFO - Service: ElevenLabs | Event: FAILURE_COUNT | Retry: 0 | Circuit: CLOSED | Details: 3/3
2026-01-30 10:55:51,312 - AppLogger - INFO - Service: ElevenLabs | Event: CIRCUIT_STATE_CHANGE | Retry: 0 | Circuit: OPEN | Details: Transitioned to OPEN
2026-01-30 10:55:51,312 - AppLogger - INFO - Service: Main | Event: SKIPPED | Retry: 0 | Circuit: CLOSED | Details: Skipping User_4 due to error: 503 Service Unavailable
2026-01-30 10:55:52,316 - AppLogger - INFO - Service: Main | Event: PROCESS_CONTACT | Retry: 0 | Circuit: CLOSED | Details: Processing contact: User_5
2026-01-30 10:55:52,317 - AppLogger - INFO - Service: ElevenLabs | Event: CIRCUIT_OPEN_REJECT | Retry: 0 | Circuit: OPEN | Details: Call rejected due to open circuit
2026-01-30 10:55:52,317 - AppLogger - INFO - Service: Main | Event: SKIPPED | Retry: 0 | Circuit: CLOSED | Details: Skipping User_5 due to error: Circuit Breaker is OPEN for ElevenLabs
2026-01-30 10:55:53,323 - AppLogger - INFO - Service: Main | Event: PROCESS_CONTACT | Retry: 0 | Circuit: CLOSED | Details: Processing contact: User_6
2026-01-30 10:55:53,324 - AppLogger - INFO - Service: ElevenLabs | Event: CIRCUIT_OPEN_REJECT | Retry: 0 | Circuit: OPEN | Details: Call rejected due to open circuit
2026-01-30 10:55:53,325 - AppLogger - INFO - Service: Main | Event: SKIPPED | Retry: 0 | Circuit: CLOSED | Details: Skipping User_6 due to error: Circuit Breaker is OPEN for ElevenLabs
2026-01-30 10:55:59,330 - AppLogger - INFO - Service: HealthMonitor | Event: HEALTH_CHECK_INIT | Retry: 0 | Circuit: CLOSED | Details: Starting periodic health check..
2026-01-30 10:55:59,332 - AppLogger - INFO - Service: ElevenLabs | Event: HEALTH_CHECK_SUCCESS | Retry: 0 | Circuit: CLOSED | Details: Service is healthy again. Resetting Circuit Breaker.
2026-01-30 10:55:59,333 - AppLogger - INFO - Service: ElevenLabs | Event: CIRCUIT_STATE_CHANGE | Retry: 0 | Circuit: CLOSED | Details: Transitioned to CLOSED
2026-01-30 10:55:59,333 - AppLogger - INFO - Service: Main | Event: PROCESS_CONTACT | Retry: 0 | Circuit: CLOSED | Details: Processing contact: User_7
2026-01-30 10:55:59,334 - AppLogger - INFO - Service: Main | Event: SUCCESS | Retry: 0 | Circuit: CLOSED | Details: Call successful for User_7
2026-01-30 10:55:59,334 - AppLogger - INFO - Service: Main | Event: PROCESS_CONTACT | Retry: 0 | Circuit: CLOSED | Details: Processing contact: User_8
2026-01-30 10:55:59,334 - AppLogger - INFO - Service: Main | Event: SUCCESS | Retry: 0 | Circuit: CLOSED | Details: Call successful for User_8
2026-01-30 11:54:57,304 - AppLogger - INFO - Service: Main | Event: PROCESS_CONTACT | Retry: 0 | Circuit: CLOSED | Details: Processing contact: User_1
2026-01-30 11:54:57,304 - AppLogger - INFO - Service: Main | Event: SUCCESS | Retry: 0 | Circuit: CLOSED | Details: Call successful for User_1
2026-01-30 11:54:57,304 - AppLogger - INFO - Service: Main | Event: PROCESS_CONTACT | Retry: 0 | Circuit: CLOSED | Details: Processing contact: User_2
2026-01-30 11:54:57,304 - AppLogger - INFO - Service: ElevenLabs | Event: RETRY_ATTEMPT | Retry: 1 | Circuit: CLOSED | Details: Transient error caught: 503 Service Unavailable. Retrying in 5.0s...
2026-01-30 11:55:02,310 - AppLogger - INFO - Service: ElevenLabs | Event: RETRY_ATTEMPT | Retry: 2 | Circuit: CLOSED | Details: Transient error caught: 503 Service Unavailable. Retrying in 10.0s...
2026-01-30 11:55:12,312 - AppLogger - INFO - Service: ElevenLabs | Event: RETRY_ATTEMPT | Retry: 3 | Circuit: CLOSED | Details: Transient error caught: 503 Service Unavailable. Retrying in 20.0s...
2026-01-30 11:55:32,315 - AppLogger - INFO - Service: ElevenLabs | Event: RETRY_EXHAUSTED | Retry: 4 | Circuit: CLOSED | Details: Max retries (3) exceeded.
2026-01-30 11:55:32,317 - AppLogger - INFO - Service: ElevenLabs | Event: FAILURE_COUNT | Retry: 0 | Circuit: CLOSED | Details: 1/3
2026-01-30 11:55:32,317 - AppLogger - INFO - Service: Main | Event: SKIPPED | Retry: 0 | Circuit: CLOSED | Details: Skipping User_2 due to error: 503 Service Unavailable
2026-01-30 11:55:33,323 - AppLogger - INFO - Service: Main | Event: PROCESS_CONTACT | Retry: 0 | Circuit: CLOSED | Details: Processing contact: User_3
2026-01-30 11:55:33,324 - AppLogger - INFO - Service: ElevenLabs | Event: RETRY_ATTEMPT | Retry: 1 | Circuit: CLOSED | Details: Transient error caught: 503 Service Unavailable. Retrying in 5.0s...
2026-01-30 11:55:38,330 - AppLogger - INFO - Service: ElevenLabs | Event: RETRY_ATTEMPT | Retry: 2 | Circuit: CLOSED | Details: Transient error caught: 503 Service Unavailable. Retrying in 10.0s...
2026-01-30 11:55:48,336 - AppLogger - INFO - Service: ElevenLabs | Event: RETRY_ATTEMPT | Retry: 3 | Circuit: CLOSED | Details: Transient error caught: 503 Service Unavailable. Retrying in 20.0s...
2026-01-30 11:56:08,341 - AppLogger - INFO - Service: ElevenLabs | Event: RETRY_EXHAUSTED | Retry: 4 | Circuit: CLOSED | Details: Max retries (3) exceeded.
2026-01-30 11:56:08,342 - AppLogger - INFO - Service: ElevenLabs | Event: FAILURE_COUNT | Retry: 0 | Circuit: CLOSED | Details: 2/3
2026-01-30 11:56:08,342 - AppLogger - INFO - Service: Main | Event: SKIPPED | Retry: 0 | Circuit: CLOSED | Details: Skipping User_3 due to error: 503 Service Unavailable
2026-01-30 11:56:09,348 - AppLogger - INFO - Service: Main | Event: PROCESS_CONTACT | Retry: 0 | Circuit: CLOSED | Details: Processing contact: User_4
2026-01-30 11:56:09,349 - AppLogger - INFO - Service: ElevenLabs | Event: RETRY_ATTEMPT | Retry: 1 | Circuit: CLOSED | Details: Transient error caught: 503 Service Unavailable. Retrying in 5.0s...
2026-01-30 11:56:14,355 - AppLogger - INFO - Service: ElevenLabs | Event: RETRY_ATTEMPT | Retry: 2 | Circuit: CLOSED | Details: Transient error caught: 503 Service Unavailable. Retrying in 10.0s...
2026-01-30 11:56:24,360 - AppLogger - INFO - Service: ElevenLabs | Event: RETRY_ATTEMPT | Retry: 3 | Circuit: CLOSED | Details: Transient error caught: 503 Service Unavailable. Retrying in 20.0s...
2026-01-30 11:56:44,369 - AppLogger - INFO - Service: ElevenLabs | Event: RETRY_EXHAUSTED | Retry: 4 | Circuit: CLOSED | Details: Max retries (3) exceeded.
2026-01-30 11:56:44,372 - AppLogger - INFO - Service: ElevenLabs | Event: FAILURE_COUNT | Retry: 0 | Circuit: CLOSED | Details: 3/3
2026-01-30 11:56:44,373 - AppLogger - INFO - Service: ElevenLabs | Event: CIRCUIT_STATE_CHANGE | Retry: 0 | Circuit: OPEN | Details: Transitioned to OPEN
2026-01-30 11:56:44,373 - AppLogger - INFO - Service: Main | Event: SKIPPED | Retry: 0 | Circuit: CLOSED | Details: Skipping User_4 due to error: 503 Service Unavailable
2026-01-30 11:56:45,374 - AppLogger - INFO - Service: Main | Event: PROCESS_CONTACT | Retry: 0 | Circuit: CLOSED | Details: Processing contact: User_5
2026-01-30 11:56:45,375 - AppLogger - INFO - Service: ElevenLabs | Event: CIRCUIT_OPEN_REJECT | Retry: 0 | Circuit: OPEN | Details: Call rejected due to open circuit
2026-01-30 11:56:45,376 - AppLogger - INFO - Service: Main | Event: SKIPPED | Retry: 0 | Circuit: CLOSED | Details: Skipping User_5 due to error: Circuit Breaker is OPEN for ElevenLabs
2026-01-30 11:56:46,377 - AppLogger - INFO - Service: Main | Event: PROCESS_CONTACT | Retry: 0 | Circuit: CLOSED | Details: Processing contact: User_6
2026-01-30 11:56:46,378 - AppLogger - INFO - Service: ElevenLabs | Event: CIRCUIT_OPEN_REJECT | Retry: 0 | Circuit: OPEN | Details: Call rejected due to open circuit
2026-01-30 11:56:46,379 - AppLogger - INFO - Service: Main | Event: SKIPPED | Retry: 0 | Circuit: CLOSED | Details: Skipping User_6 due to error: Circuit Breaker is OPEN for ElevenLabs
2026-01-30 11:56:52,381 - AppLogger - INFO - Service: HealthMonitor | Event: HEALTH_CHECK_INIT | Retry: 0 | Circuit: CLOSED | Details: Starting periodic health check..
2026-01-30 11:56:52,383 - AppLogger - INFO - Service: ElevenLabs | Event: HEALTH_CHECK_SUCCESS | Retry: 0 | Circuit: CLOSED | Details: Service is healthy again. Resetting Circuit Breaker.
2026-01-30 11:56:52,384 - AppLogger - INFO - Service: ElevenLabs | Event: CIRCUIT_STATE_CHANGE | Retry: 0 | Circuit: CLOSED | Details: Transitioned to CLOSED
2026-01-30 11:56:52,384 - AppLogger - INFO - Service: Main | Event: PROCESS_CONTACT | Retry: 0 | Circuit: CLOSED | Details: Processing contact: User_7
2026-01-30 11:56:52,384 - AppLogger - INFO - Service: Main | Event: SUCCESS | Retry: 0 | Circuit: CLOSED | Details: Call successful for User_7
2026-01-30 11:56:52,385 - AppLogger - INFO - Service: Main | Event: PROCESS_CONTACT | Retry: 0 | Circuit: CLOSED | Details: Processing contact: User_8
2026-01-30 11:56:52,385 - AppLogger - INFO - Service: Main | Event: SUCCESS | Retry: 0 | Circuit: CLOSED | Details: Call successful for User_8
2026-01-30 12:06:35,458 - AppLogger - INFO - Service: Main | Event: PROCESS_CONTACT | Retry: 0 | Circuit: CLOSED | Details: Processing contact: User_1
2026-01-30 12:06:35,459 - AppLogger - INFO - Service: Main | Event: SUCCESS | Retry: 0 | Circuit: CLOSED | Details: Call successful for User_1
2026-01-30 12:06:35,459 - AppLogger - INFO - Service: Main | Event: PROCESS_CONTACT | Retry: 0 | Circuit: CLOSED | Details: Processing contact: User_2
2026-01-30 12:06:35,459 - AppLogger - INFO - Service: ElevenLabs | Event: RETRY_ATTEMPT | Retry: 1 | Circuit: CLOSED | Details: Transient error caught: 503 Service Unavailable. Retrying in 5.0s...
2026-01-30 12:06:40,464 - AppLogger - INFO - Service: ElevenLabs | Event: RETRY_ATTEMPT | Retry: 2 | Circuit: CLOSED | Details: Transient error caught: 503 Service Unavailable. Retrying in 10.0s...
2026-01-30 12:06:50,469 - AppLogger - INFO - Service: ElevenLabs | Event: RETRY_ATTEMPT | Retry: 3 | Circuit: CLOSED | Details: Transient error caught: 503 Service Unavailable. Retrying in 20.0s...
2026-01-30 12:07:10,472 - AppLogger - INFO - Service: ElevenLabs | Event: RETRY_EXHAUSTED | Retry: 4 | Circuit: CLOSED | Details: Max retries (3) exceeded.
2026-01-30 12:07:10,475 - AppLogger - INFO - Service: ElevenLabs | Event: FAILURE_COUNT | Retry: 0 | Circuit: CLOSED | Details: 1/3
2026-01-30 12:07:10,475 - AppLogger - INFO - Service: Main | Event: SKIPPED | Retry: 0 | Circuit: CLOSED | Details: Skipping User_2 due to error: 503 Service Unavailable
2026-01-30 12:07:11,481 - AppLogger - INFO - Service: Main | Event: PROCESS_CONTACT | Retry: 0 | Circuit: CLOSED | Details: Processing contact: User_3
2026-01-30 12:07:11,481 - AppLogger - INFO - Service: ElevenLabs | Event: RETRY_ATTEMPT | Retry: 1 | Circuit: CLOSED | Details: Transient error caught: 503 Service Unavailable. Retrying in 5.0s...
2026-01-30 12:07:16,487 - AppLogger - INFO - Service: ElevenLabs | Event: RETRY_ATTEMPT | Retry: 2 | Circuit: CLOSED | Details: Transient error caught: 503 Service Unavailable. Retrying in 10.0s...
2026-01-30 12:07:26,490 - AppLogger - INFO - Service: ElevenLabs | Event: RETRY_ATTEMPT | Retry: 3 | Circuit: CLOSED | Details: Transient error caught: 503 Service Unavailable. Retrying in 20.0s...
2026-01-30 12:07:46,495 - AppLogger - INFO - Service: ElevenLabs | Event: RETRY_EXHAUSTED | Retry: 4 | Circuit: CLOSED | Details: Max retries (3) exceeded.
2026-01-30 12:07:46,497 - AppLogger - INFO - Service: ElevenLabs | Event: FAILURE_COUNT | Retry: 0 | Circuit: CLOSED | Details: 2/3
2026-01-30 12:07:46,498 - AppLogger - INFO - Service: Main | Event: SKIPPED | Retry: 0 | Circuit: CLOSED | Details: Skipping User_3 due to error: 503 Service Unavailable
2026-01-30 12:07:47,504 - AppLogger - INFO - Service: Main | Event: PROCESS_CONTACT | Retry: 0 | Circuit: CLOSED | Details: Processing contact: User_4
2026-01-30 12:07:47,505 - AppLogger - INFO - Service: ElevenLabs | Event: RETRY_ATTEMPT | Retry: 1 | Circuit: CLOSED | Details: Transient error caught: 503 Service Unavailable. Retrying in 5.0s...
2026-01-30 12:07:52,510 - AppLogger - INFO - Service: ElevenLabs | Event: RETRY_ATTEMPT | Retry: 2 | Circuit: CLOSED | Details: Transient error caught: 503 Service Unavailable. Retrying in 10.0s...
2026-01-30 12:08:02,516 - AppLogger - INFO - Service: ElevenLabs | Event: RETRY_ATTEMPT | Retry: 3 | Circuit: CLOSED | Details: Transient error caught: 503 Service Unavailable. Retrying in 20.0s...
2026-01-30 12:08:22,524 - AppLogger - INFO - Service: ElevenLabs | Event: RETRY_EXHAUSTED | Retry: 4 | Circuit: CLOSED | Details: Max retries (3) exceeded.
2026-01-30 12:08:22,525 - AppLogger - INFO - Service: ElevenLabs | Event: FAILURE_COUNT | Retry: 0 | Circuit: CLOSED | Details: 3/3
2026-01-30 12:08:22,526 - AppLogger - INFO - Service: ElevenLabs | Event: CIRCUIT_STATE_CHANGE | Retry: 0 | Circuit: OPEN | Details: Transitioned to OPEN
2026-01-30 12:08:22,526 - AppLogger - INFO - Service: Main | Event: SKIPPED | Retry: 0 | Circuit: CLOSED | Details: Skipping User_4 due to error: 503 Service Unavailable
2026-01-30 12:08:23,527 - AppLogger - INFO - Service: Main | Event: PROCESS_CONTACT | Retry: 0 | Circuit: CLOSED | Details: Processing contact: User_5
2026-01-30 12:08:23,528 - AppLogger - INFO - Service: ElevenLabs | Event: CIRCUIT_OPEN_REJECT | Retry: 0 | Circuit: OPEN | Details: Call rejected due to open circuit
2026-01-30 12:08:23,529 - AppLogger - INFO - Service: Main | Event: SKIPPED | Retry: 0 | Circuit: CLOSED | Details: Skipping User_5 due to error: Circuit Breaker is OPEN for ElevenLabs
2026-01-30 12:08:24,534 - AppLogger - INFO - Service: Main | Event: PROCESS_CONTACT | Retry: 0 | Circuit: CLOSED | Details: Processing contact: User_6
2026-01-30 12:08:24,535 - AppLogger - INFO - Service: ElevenLabs | Event: CIRCUIT_OPEN_REJECT | Retry: 0 | Circuit: OPEN | Details: Call rejected due to open circuit
2026-01-30 12:08:24,536 - AppLogger - INFO - Service: Main | Event: SKIPPED | Retry: 0 | Circuit: CLOSED | Details: Skipping User_6 due to error: Circuit Breaker is OPEN for ElevenLabs
2026-01-30 12:08:30,540 - AppLogger - INFO - Service: HealthMonitor | Event: HEALTH_CHECK_INIT | Retry: 0 | Circuit: CLOSED | Details: Starting periodic health check..
2026-01-30 12:08:30,541 - AppLogger - INFO - Service: ElevenLabs | Event: HEALTH_CHECK_SUCCESS | Retry: 0 | Circuit: CLOSED | Details: Service is healthy again. Resetting Circuit Breaker.
2026-01-30 12:08:30,542 - AppLogger - INFO - Service: ElevenLabs | Event: CIRCUIT_STATE_CHANGE | Retry: 0 | Circuit: CLOSED | Details: Transitioned to CLOSED
2026-01-30 12:08:30,542 - AppLogger - INFO - Service: Main | Event: PROCESS_CONTACT | Retry: 0 | Circuit: CLOSED | Details: Processing contact: User_7
2026-01-30 12:08:30,543 - AppLogger - INFO - Service: Main | Event: SUCCESS | Retry: 0 | Circuit: CLOSED | Details: Call successful for User_7
2026-01-30 12:08:30,543 - AppLogger - INFO - Service: Main | Event: PROCESS_CONTACT | Retry: 0 | Circuit: CLOSED | Details: Processing contact: User_8
2026-01-30 12:08:30,543 - AppLogger - INFO - Service: Main | Event: SUCCESS | Retry: 0 | Circuit: CLOSED | Details: Call successful for User_8
